<?xml version="1.0" encoding="UTF-8"?>
<testsuites>
  <testsuite name="api" timestamp="2023-10-27T10:26:02Z" hostname="a326d83a840a" tests="1" skipped="0" failures="0" errors="0" time="4.283">
    <testcase time="4.283" classname="api" name="API_greets_the_person"/>
  </testsuite>
  <testsuite name="hello" timestamp="2023-10-27T10:26:06Z" hostname="a326d83a840a" tests="1" skipped="0" failures="0" errors="0" time="0.138">
    <testcase time="0.138" classname="hello" name="hello_greets_the_entity"/>
  </testsuite>
  <testsuite name="shiny" timestamp="2023-10-27T10:26:06Z" hostname="a326d83a840a" tests="1" skipped="0" failures="0" errors="0" time="3.88">
    <testcase time="3.88" classname="shiny" name="The_Shiny_App_returns_a_proper_greeting"/>
  </testsuite>
</testsuites>
